       1 0.276301   0.00002761
       2 0.550881   0.00002770
       3 0.833482   0.00002746
       4 1.098374   0.00002778
       6 1.647864   0.00002778
       8 2.213085   0.00002758
      12 3.292184   0.00002781
      13 3.565299   0.00002782
      16 4.377704   0.00002788
      19 5.200713   0.00002787
      21 5.820852   0.00002752
      24 6.592263   0.00002778
      27 7.450833   0.00002765
      29 7.946289   0.00002784
      32 8.809444   0.00002771
      35 9.635793   0.00002771
      45 12.410369   0.00002766
      48 13.154925   0.00002784
      51 14.033930   0.00002773
      61 16.599178   0.00002804
      64 17.586155   0.00002777
      67 18.420974   0.00002775
      93 25.572559   0.00002775
      96 25.942689   0.00002823
      99 27.094596   0.00002788
     125 33.829052   0.00002819
     128 34.418442   0.00002837
     131 35.791099   0.00002792
     189 50.469606   0.00002857
     192 51.263539   0.00002857
     195 52.610545   0.00002828
     253 67.257793   0.00002870
     256 67.925571   0.00002875
     259 68.827192   0.00002871
     381 100.289875   0.00002898
     384 100.010793   0.00002929
     387 101.442303   0.00002911
     509 130.532292   0.00002975
     512 132.168121   0.00002956
     515 131.752165   0.00002982
     765 190.584728   0.00003062
     768 191.846056   0.00003054
     771 192.063559   0.00003063
    1021 246.556626   0.00003159
    1024 246.449779   0.00003170
    1027 248.724622   0.00003150
    1533 353.697489   0.00003307
    1536 352.503898   0.00003324
    1539 352.367737   0.00003332
    2045 391.829466   0.00003982
    2048 397.990298   0.00003926
    2051 397.305692   0.00003939
    3069 568.641453   0.00004118
    3072 567.813595   0.00004128
    3075 568.445339   0.00004127
    4093 582.158678   0.00005364
    4096 583.578581   0.00005355
    4099 579.938802   0.00005392
    6141 818.493139   0.00005724
    6144 821.365434   0.00005707
    6147 827.936367   0.00005664
    8189 1033.128323   0.00006047
    8192 1029.905533   0.00006069
    8195 1028.176852   0.00006081
   12285 1255.069551   0.00007468
   12288 1267.400571   0.00007397
   12291 1271.062430   0.00007378
   16381 1560.182559   0.00008010
   16384 1570.380082   0.00007960
   16387 1570.128003   0.00007963
   24573 1816.920508   0.00010318
   24576 1831.951911   0.00010235
   24579 1848.422716   0.00010145
   32765 2222.770146   0.00011246
   32768 2215.348844   0.00011285
   32771 2211.708817   0.00011305
   49149 2573.602366   0.00014570
   49152 2581.141435   0.00014528
   49155 2582.459018   0.00014522
   65533 2265.023838   0.00022074
   65536 2253.286831   0.00022190
   65539 2253.210203   0.00022192
   98301 2719.519547   0.00027578
   98304 2723.427266   0.00027539
   98307 2719.405487   0.00027580
  131069 3030.998991   0.00032992
  131072 3032.249574   0.00032979
  131075 3030.614086   0.00032997
  196605 3427.921677   0.00043758
  196608 3421.906224   0.00043835
  196611 3428.312970   0.00043754
  262141 3681.912966   0.00054319
  262144 3684.932215   0.00054275
  262147 3676.959793   0.00054393
  393213 3965.603397   0.00075650
  393216 3969.330184   0.00075580
  393219 3965.572062   0.00075652
  524285 4129.972110   0.00096852
  524288 4128.680247   0.00096883
  524291 4125.608309   0.00096956
  786429 4307.081455   0.00139305
  786432 4306.917679   0.00139311
  786435 4306.079561   0.00139338
 1048573 4401.522371   0.00181755
 1048576 4401.874814   0.00181741
 1048579 4402.785873   0.00181704
 1572861 4500.831819   0.00266617
 1572864 4500.921796   0.00266612
 1572867 4502.653727   0.00266510
 2097149 4551.328377   0.00351545
 2097152 4549.698410   0.00351672
 2097155 4553.685210   0.00351364
 3145725 4603.181727   0.00521378
 3145728 4604.434402   0.00521237
 3145731 4601.045187   0.00521621
 4194301 4620.652452   0.00692542
 4194304 4622.800455   0.00692221
 4194307 4624.521713   0.00691964
 6291453 4619.441885   0.01039086
 6291456 4619.242205   0.01039131
 6291459 4620.304491   0.01038893
 8388605 4605.696769   0.01389583
 8388608 4604.210638   0.01390032
 8388611 4605.871285   0.01389531
